  [1m[35m (236.3ms)[0m  [1m[35mCREATE DATABASE "SneakerzHome_development" ENCODING = 'unicode'[0m
  [1m[35m (63.5ms)[0m  [1m[35mCREATE DATABASE "SneakerzHome_test" ENCODING = 'unicode'[0m
  [1m[35m (21.6ms)[0m  [1m[35mCREATE TABLE "schema_migrations" ("version" character varying NOT NULL PRIMARY KEY)[0m
  [1m[35m (9.3ms)[0m  [1m[35mCREATE TABLE "ar_internal_metadata" ("key" character varying NOT NULL PRIMARY KEY, "value" character varying, "created_at" timestamp(6) NOT NULL, "updated_at" timestamp(6) NOT NULL)[0m
  [1m[35m (0.5ms)[0m  [1m[34mSELECT pg_try_advisory_lock(8038722758177860770)[0m
  [1m[36mActiveRecord::SchemaMigration Pluck (0.5ms)[0m  [1m[34mSELECT "schema_migrations"."version" FROM "schema_migrations" ORDER BY "schema_migrations"."version" ASC[0m
Migrating to CreateUsers (20221123191638)
  [1m[36mTRANSACTION (0.1ms)[0m  [1m[35mBEGIN[0m
  [1m[35m (14.3ms)[0m  [1m[35mCREATE TABLE "users" ("id" bigserial primary key, "email" character varying NOT NULL, "username" character varying NOT NULL, "password_digest" character varying NOT NULL, "session_token" character varying NOT NULL, "created_at" timestamp(6) NOT NULL, "updated_at" timestamp(6) NOT NULL)[0m
  [1m[35m (1.1ms)[0m  [1m[35mCREATE UNIQUE INDEX "index_users_on_email" ON "users" ("email")[0m
  [1m[35m (1.2ms)[0m  [1m[35mCREATE UNIQUE INDEX "index_users_on_username" ON "users" ("username")[0m
  [1m[35m (0.9ms)[0m  [1m[35mCREATE UNIQUE INDEX "index_users_on_session_token" ON "users" ("session_token")[0m
  [1m[36mActiveRecord::SchemaMigration Create (10.9ms)[0m  [1m[32mINSERT INTO "schema_migrations" ("version") VALUES ($1) RETURNING "version"[0m  [["version", "20221123191638"]]
  [1m[36mTRANSACTION (0.5ms)[0m  [1m[35mCOMMIT[0m
  [1m[36mActiveRecord::InternalMetadata Load (0.9ms)[0m  [1m[34mSELECT "ar_internal_metadata".* FROM "ar_internal_metadata" WHERE "ar_internal_metadata"."key" = $1 LIMIT $2[0m  [["key", "environment"], ["LIMIT", 1]]
  [1m[36mTRANSACTION (0.1ms)[0m  [1m[35mBEGIN[0m
  [1m[36mActiveRecord::InternalMetadata Create (1.4ms)[0m  [1m[32mINSERT INTO "ar_internal_metadata" ("key", "value", "created_at", "updated_at") VALUES ($1, $2, $3, $4) RETURNING "key"[0m  [["key", "environment"], ["value", "development"], ["created_at", "2022-11-23 19:17:57.886018"], ["updated_at", "2022-11-23 19:17:57.886018"]]
  [1m[36mTRANSACTION (0.3ms)[0m  [1m[35mCOMMIT[0m
  [1m[35m (0.3ms)[0m  [1m[34mSELECT pg_advisory_unlock(8038722758177860770)[0m
  [1m[36mActiveRecord::SchemaMigration Pluck (0.7ms)[0m  [1m[34mSELECT "schema_migrations"."version" FROM "schema_migrations" ORDER BY "schema_migrations"."version" ASC[0m
Started GET "/" for 127.0.0.1 at 2022-11-23 12:39:30 -0800
  [1m[36mActiveRecord::SchemaMigration Pluck (1.4ms)[0m  [1m[34mSELECT "schema_migrations"."version" FROM "schema_migrations" ORDER BY "schema_migrations"."version" ASC[0m
Processing by Rails::WelcomeController#index as HTML
  Rendering /Users/mustafarizvi/.rvm/gems/ruby-2.7.4/gems/railties-7.0.4/lib/rails/templates/rails/welcome/index.html.erb
  Rendered /Users/mustafarizvi/.rvm/gems/ruby-2.7.4/gems/railties-7.0.4/lib/rails/templates/rails/welcome/index.html.erb (Duration: 1.2ms | Allocations: 474)
Completed 200 OK in 10ms (Views: 4.2ms | ActiveRecord: 0.0ms | Allocations: 3929)


Started GET "/" for ::1 at 2022-11-23 12:39:37 -0800
Processing by Rails::WelcomeController#index as HTML
  Rendering /Users/mustafarizvi/.rvm/gems/ruby-2.7.4/gems/railties-7.0.4/lib/rails/templates/rails/welcome/index.html.erb
  Rendered /Users/mustafarizvi/.rvm/gems/ruby-2.7.4/gems/railties-7.0.4/lib/rails/templates/rails/welcome/index.html.erb (Duration: 1.2ms | Allocations: 239)
Completed 200 OK in 7ms (Views: 2.9ms | ActiveRecord: 0.0ms | Allocations: 706)


Started GET "/" for ::1 at 2022-11-23 12:39:41 -0800
Processing by Rails::WelcomeController#index as HTML
  Rendering /Users/mustafarizvi/.rvm/gems/ruby-2.7.4/gems/railties-7.0.4/lib/rails/templates/rails/welcome/index.html.erb
  Rendered /Users/mustafarizvi/.rvm/gems/ruby-2.7.4/gems/railties-7.0.4/lib/rails/templates/rails/welcome/index.html.erb (Duration: 0.1ms | Allocations: 16)
Completed 200 OK in 1ms (Views: 0.5ms | ActiveRecord: 0.0ms | Allocations: 199)


Started GET "/api/session" for 127.0.0.1 at 2022-11-23 13:22:44 -0800
  [1m[36mActiveRecord::SchemaMigration Pluck (1.0ms)[0m  [1m[34mSELECT "schema_migrations"."version" FROM "schema_migrations" ORDER BY "schema_migrations"."version" ASC[0m

SyntaxError - syntax error, unexpected end-of-input, expecting `end':
  app/controllers/application_controller.rb:57:in `'
  app/controllers/api/sessions_controller.rb:1:in `<main>'

Started GET "/api/session" for 127.0.0.1 at 2022-11-23 13:22:50 -0800

SyntaxError - syntax error, unexpected end-of-input, expecting `end':
  app/controllers/application_controller.rb:57:in `'
  app/controllers/api/sessions_controller.rb:1:in `<main>'

Started GET "/api/session" for 127.0.0.1 at 2022-11-23 13:24:37 -0800

SyntaxError - syntax error, unexpected end-of-input, expecting `end':
  app/controllers/application_controller.rb:57:in `'
  app/controllers/api/sessions_controller.rb:1:in `<main>'

Started GET "/api/session" for 127.0.0.1 at 2022-11-23 13:24:37 -0800

SyntaxError - syntax error, unexpected end-of-input, expecting `end':
  app/controllers/application_controller.rb:57:in `'
  app/controllers/api/sessions_controller.rb:1:in `<main>'

Started GET "/api/session" for 127.0.0.1 at 2022-11-23 13:25:00 -0800

SyntaxError - syntax error, unexpected end-of-input, expecting `end':
  app/controllers/application_controller.rb:57:in `'
  app/controllers/api/sessions_controller.rb:1:in `<main>'

Started GET "/api/session" for 127.0.0.1 at 2022-11-23 13:58:28 -0800

SyntaxError - syntax error, unexpected end-of-input, expecting `end':
  app/controllers/application_controller.rb:57:in `'
  app/controllers/api/sessions_controller.rb:1:in `<main>'

Started GET "/api/session" for 127.0.0.1 at 2022-11-23 13:58:28 -0800

SyntaxError - syntax error, unexpected end-of-input, expecting `end':
  app/controllers/application_controller.rb:57:in `'
  app/controllers/api/sessions_controller.rb:1:in `<main>'

Started GET "/api/session" for 127.0.0.1 at 2022-11-25 00:15:11 -0800

SyntaxError - syntax error, unexpected end-of-input, expecting `end':
  app/controllers/application_controller.rb:57:in `'
  app/controllers/api/sessions_controller.rb:1:in `<main>'

Started GET "/api/session" for 127.0.0.1 at 2022-11-25 00:15:15 -0800

SyntaxError - syntax error, unexpected end-of-input, expecting `end':
  app/controllers/application_controller.rb:57:in `'
  app/controllers/api/sessions_controller.rb:1:in `<main>'

Started GET "/api/session" for 127.0.0.1 at 2022-11-25 00:16:39 -0800

SyntaxError - syntax error, unexpected end-of-input, expecting `end':
  app/controllers/application_controller.rb:57:in `'
  app/controllers/api/sessions_controller.rb:1:in `<main>'

Started GET "/api/session" for 127.0.0.1 at 2022-11-25 00:16:44 -0800

SyntaxError - syntax error, unexpected end-of-input, expecting `end':
  app/controllers/application_controller.rb:57:in `'
  app/controllers/api/sessions_controller.rb:1:in `<main>'

Started GET "/api/session" for 127.0.0.1 at 2022-11-25 00:16:45 -0800

SyntaxError - syntax error, unexpected end-of-input, expecting `end':
  app/controllers/application_controller.rb:57:in `'
  app/controllers/api/sessions_controller.rb:1:in `<main>'

Started GET "/api/session" for 127.0.0.1 at 2022-11-25 00:20:15 -0800

SyntaxError - syntax error, unexpected end-of-input, expecting `end':
  app/controllers/application_controller.rb:57:in `'
  app/controllers/api/sessions_controller.rb:1:in `<main>'

Started GET "/api/session" for 127.0.0.1 at 2022-11-25 00:20:16 -0800

SyntaxError - syntax error, unexpected end-of-input, expecting `end':
  app/controllers/application_controller.rb:57:in `'
  app/controllers/api/sessions_controller.rb:1:in `<main>'

Started GET "/" for ::1 at 2022-11-25 00:20:27 -0800
Processing by Rails::WelcomeController#index as HTML
  Rendering /Users/mustafarizvi/.rvm/gems/ruby-2.7.4/gems/railties-7.0.4/lib/rails/templates/rails/welcome/index.html.erb
  Rendered /Users/mustafarizvi/.rvm/gems/ruby-2.7.4/gems/railties-7.0.4/lib/rails/templates/rails/welcome/index.html.erb (Duration: 2.5ms | Allocations: 366)
Completed 200 OK in 12ms (Views: 4.1ms | Allocations: 2617)


Started GET "/api/session" for 127.0.0.1 at 2022-11-25 00:21:25 -0800
Started GET "/favicon.ico" for 127.0.0.1 at 2022-11-25 00:21:25 -0800
  
ActionController::RoutingError (No route matches [GET] "/favicon.ico"):
  

SyntaxError - syntax error, unexpected end-of-input, expecting `end':
  app/controllers/application_controller.rb:57:in `'
  app/controllers/api/sessions_controller.rb:1:in `<main>'

Started GET "/api/session" for 127.0.0.1 at 2022-11-25 00:21:31 -0800

SyntaxError - syntax error, unexpected end-of-input, expecting `end':
  app/controllers/application_controller.rb:57:in `'
  app/controllers/api/sessions_controller.rb:1:in `<main>'

Started GET "/api/session" for 127.0.0.1 at 2022-11-25 00:21:32 -0800

SyntaxError - syntax error, unexpected end-of-input, expecting `end':
  app/controllers/application_controller.rb:57:in `'
  app/controllers/api/sessions_controller.rb:1:in `<main>'

Started GET "/api/session" for 127.0.0.1 at 2022-11-25 00:21:34 -0800

SyntaxError - syntax error, unexpected end-of-input, expecting `end':
  app/controllers/application_controller.rb:57:in `'
  app/controllers/api/sessions_controller.rb:1:in `<main>'

Started GET "/api/session" for 127.0.0.1 at 2022-11-25 00:24:15 -0800

SyntaxError - syntax error, unexpected end-of-input, expecting `end':
  app/controllers/application_controller.rb:57:in `'
  app/controllers/api/sessions_controller.rb:1:in `<main>'

Started GET "/api/session" for 127.0.0.1 at 2022-11-25 00:24:21 -0800

SyntaxError - syntax error, unexpected end-of-input, expecting `end':
  app/controllers/application_controller.rb:57:in `'
  app/controllers/api/sessions_controller.rb:1:in `<main>'

Started GET "/api/session" for 127.0.0.1 at 2022-11-25 00:24:27 -0800

SyntaxError - syntax error, unexpected end-of-input, expecting `end':
  app/controllers/application_controller.rb:57:in `'
  app/controllers/api/sessions_controller.rb:1:in `<main>'

Started GET "/api/session" for 127.0.0.1 at 2022-11-25 00:24:33 -0800

SyntaxError - syntax error, unexpected end-of-input, expecting `end':
  app/controllers/application_controller.rb:57:in `'
  app/controllers/api/sessions_controller.rb:1:in `<main>'

Started GET "/api/session" for 127.0.0.1 at 2022-11-25 00:24:43 -0800

SyntaxError - syntax error, unexpected end-of-input, expecting `end':
  app/controllers/application_controller.rb:57:in `'
  app/controllers/api/sessions_controller.rb:1:in `<main>'

Started GET "/api/session" for 127.0.0.1 at 2022-11-25 00:27:42 -0800

SyntaxError - syntax error, unexpected end-of-input, expecting `end':
  app/controllers/application_controller.rb:57:in `'
  app/controllers/api/sessions_controller.rb:1:in `<main>'

Started GET "/api/session" for 127.0.0.1 at 2022-11-25 00:31:09 -0800

SyntaxError - syntax error, unexpected end-of-input, expecting `end':
  app/controllers/application_controller.rb:57:in `'
  app/controllers/api/sessions_controller.rb:1:in `<main>'

Started GET "/api/session" for 127.0.0.1 at 2022-11-25 00:35:33 -0800

SyntaxError - syntax error, unexpected end-of-input, expecting `end':
  app/controllers/application_controller.rb:57:in `'
  app/controllers/api/sessions_controller.rb:1:in `<main>'

Started GET "/api/session" for 127.0.0.1 at 2022-11-25 00:35:36 -0800

SyntaxError - syntax error, unexpected end-of-input, expecting `end':
  app/controllers/application_controller.rb:57:in `'
  app/controllers/api/sessions_controller.rb:1:in `<main>'

Started GET "/api/session" for 127.0.0.1 at 2022-11-25 00:35:37 -0800

SyntaxError - syntax error, unexpected end-of-input, expecting `end':
  app/controllers/application_controller.rb:57:in `'
  app/controllers/api/sessions_controller.rb:1:in `<main>'

Started GET "/api/session" for 127.0.0.1 at 2022-11-25 11:05:55 -0800

SyntaxError - syntax error, unexpected end-of-input, expecting `end':
  app/controllers/application_controller.rb:57:in `'
  app/controllers/api/sessions_controller.rb:1:in `<main>'

Started GET "/api/session" for 127.0.0.1 at 2022-11-25 11:06:02 -0800

SyntaxError - syntax error, unexpected end-of-input, expecting `end':
  app/controllers/application_controller.rb:57:in `'
  app/controllers/api/sessions_controller.rb:1:in `<main>'

Started GET "/api/session" for 127.0.0.1 at 2022-11-25 11:08:46 -0800
  [1m[36mActiveRecord::SchemaMigration Pluck (1.8ms)[0m  [1m[34mSELECT "schema_migrations"."version" FROM "schema_migrations" ORDER BY "schema_migrations"."version" ASC[0m

SyntaxError - syntax error, unexpected end-of-input, expecting `end':
  app/controllers/application_controller.rb:56:in `'
  app/controllers/api/sessions_controller.rb:1:in `<main>'

Started GET "/api/session" for 127.0.0.1 at 2022-11-25 11:13:23 -0800

SyntaxError - syntax error, unexpected end-of-input, expecting `end':
  app/controllers/application_controller.rb:56:in `'
  app/controllers/api/sessions_controller.rb:1:in `<main>'

Started GET "/api/session" for 127.0.0.1 at 2022-11-25 11:13:23 -0800

SyntaxError - syntax error, unexpected end-of-input, expecting `end':
  app/controllers/application_controller.rb:56:in `'
  app/controllers/api/sessions_controller.rb:1:in `<main>'

Started GET "/api/session" for 127.0.0.1 at 2022-11-25 11:13:25 -0800

SyntaxError - syntax error, unexpected end-of-input, expecting `end':
  app/controllers/application_controller.rb:56:in `'
  app/controllers/api/sessions_controller.rb:1:in `<main>'

Started GET "/api/session" for 127.0.0.1 at 2022-11-25 11:13:25 -0800

SyntaxError - syntax error, unexpected end-of-input, expecting `end':
  app/controllers/application_controller.rb:56:in `'
  app/controllers/api/sessions_controller.rb:1:in `<main>'

Started GET "/api/session" for 127.0.0.1 at 2022-11-25 11:13:40 -0800

SyntaxError - syntax error, unexpected end-of-input, expecting `end':
  app/controllers/application_controller.rb:56:in `'
  app/controllers/api/sessions_controller.rb:1:in `<main>'

Started GET "/api/session" for 127.0.0.1 at 2022-11-25 11:14:56 -0800

SyntaxError - syntax error, unexpected end-of-input, expecting `end':
  app/controllers/application_controller.rb:56:in `'
  app/controllers/api/sessions_controller.rb:1:in `<main>'

Started GET "/api/session" for 127.0.0.1 at 2022-11-25 11:14:57 -0800

SyntaxError - syntax error, unexpected end-of-input, expecting `end':
  app/controllers/application_controller.rb:56:in `'
  app/controllers/api/sessions_controller.rb:1:in `<main>'

Started GET "/api/session" for 127.0.0.1 at 2022-11-25 11:14:58 -0800

SyntaxError - syntax error, unexpected end-of-input, expecting `end':
  app/controllers/application_controller.rb:56:in `'
  app/controllers/api/sessions_controller.rb:1:in `<main>'

Started GET "/api/session" for 127.0.0.1 at 2022-11-25 11:14:58 -0800

SyntaxError - syntax error, unexpected end-of-input, expecting `end':
  app/controllers/application_controller.rb:56:in `'
  app/controllers/api/sessions_controller.rb:1:in `<main>'

Started GET "/api/session" for 127.0.0.1 at 2022-11-25 12:18:51 -0800

SyntaxError - syntax error, unexpected end-of-input, expecting `end':
  app/controllers/application_controller.rb:56:in `'
  app/controllers/api/sessions_controller.rb:1:in `<main>'

Started GET "/api/session" for 127.0.0.1 at 2022-11-25 12:19:06 -0800

SyntaxError - syntax error, unexpected end-of-input, expecting `end':
  app/controllers/application_controller.rb:56:in `'
  app/controllers/api/sessions_controller.rb:1:in `<main>'

Started GET "/api/session" for 127.0.0.1 at 2022-11-25 12:19:13 -0800

SyntaxError - syntax error, unexpected end-of-input, expecting `end':
  app/controllers/application_controller.rb:56:in `'
  app/controllers/api/sessions_controller.rb:1:in `<main>'

Started GET "/api/session" for 127.0.0.1 at 2022-11-25 12:22:47 -0800
  [1m[36mActiveRecord::SchemaMigration Pluck (1.1ms)[0m  [1m[34mSELECT "schema_migrations"."version" FROM "schema_migrations" ORDER BY "schema_migrations"."version" ASC[0m
Processing by Api::SessionsController#show as JSON
Completed 500 Internal Server Error in 3ms (ActiveRecord: 0.0ms | Allocations: 1404)



SyntaxError - syntax error, unexpected constant, expecting `do' or '{' or '('
    format: { without URI::MailTo::EMAIL_REGEXP, messs...
                      ^~~
/Users/mustafarizvi/development/code/SneakerzHome/app/models/user.rb:9: syntax error, unexpected tLABEL, expecting '='
...MailTo::EMAIL_REGEXP, messsage: "Cannot be an Email"},
...                      ^~~~~~~~~
/Users/mustafarizvi/development/code/SneakerzHome/app/models/user.rb:9: syntax error, unexpected '}', expecting `end'
...messsage: "Cannot be an Email"},
...                              ^
/Users/mustafarizvi/development/code/SneakerzHome/app/models/user.rb:20: syntax error, unexpected ':', expecting =>
   presence : true
            ^
/Users/mustafarizvi/development/code/SneakerzHome/app/models/user.rb:23: syntax error, unexpected `in', expecting '}'
    length: {in 7..255},
             ^~
/Users/mustafarizvi/development/code/SneakerzHome/app/models/user.rb:23: syntax error, unexpected '}', expecting `end'
    length: {in 7..255},
                      ^:
  app/models/user.rb:9:in `'
  app/controllers/application_controller.rb:12:in `current_user'
  app/controllers/api/sessions_controller.rb:3:in `show'

Started GET "/api/session" for 127.0.0.1 at 2022-11-25 12:31:04 -0800
  [1m[36mActiveRecord::SchemaMigration Pluck (1.2ms)[0m  [1m[34mSELECT "schema_migrations"."version" FROM "schema_migrations" ORDER BY "schema_migrations"."version" ASC[0m
Processing by Api::SessionsController#show as JSON
Completed 500 Internal Server Error in 2ms (ActiveRecord: 0.0ms | Allocations: 1402)



SyntaxError - syntax error, unexpected constant, expecting `do' or '{' or '('
    format: { without URI::MailTo::EMAIL_REGEXP, messa...
                      ^~~
/Users/mustafarizvi/development/code/SneakerzHome/app/models/user.rb:9: syntax error, unexpected tLABEL, expecting '='
...:MailTo::EMAIL_REGEXP, message: "Cannot be an Email"},
...                       ^~~~~~~~
/Users/mustafarizvi/development/code/SneakerzHome/app/models/user.rb:9: syntax error, unexpected '}', expecting `end'
... message: "Cannot be an Email"},
...                              ^:
  app/models/user.rb:9:in `'
  app/controllers/application_controller.rb:12:in `current_user'
  app/controllers/api/sessions_controller.rb:3:in `show'

Started GET "/api/session" for 127.0.0.1 at 2022-11-25 12:32:55 -0800
Processing by Api::SessionsController#show as JSON
Completed 500 Internal Server Error in 19ms (ActiveRecord: 0.0ms | Allocations: 3684)



SyntaxError - syntax error, unexpected constant, expecting `do' or '{' or '('
    format: { without URI::MailTo::EMAIL_REGEXP, messa...
                      ^~~
/Users/mustafarizvi/development/code/SneakerzHome/app/models/user.rb:9: syntax error, unexpected tLABEL, expecting '='
...:MailTo::EMAIL_REGEXP, message: "Cannot be an Email"},
...                       ^~~~~~~~
/Users/mustafarizvi/development/code/SneakerzHome/app/models/user.rb:9: syntax error, unexpected '}', expecting `end'
... message: "Cannot be an Email"},
...                              ^:
  app/models/user.rb:9:in `'
  app/controllers/application_controller.rb:12:in `current_user'
  app/controllers/api/sessions_controller.rb:3:in `show'

Started GET "/api/session" for 127.0.0.1 at 2022-11-25 12:37:00 -0800
  [1m[36mActiveRecord::SchemaMigration Pluck (0.5ms)[0m  [1m[34mSELECT "schema_migrations"."version" FROM "schema_migrations" ORDER BY "schema_migrations"."version" ASC[0m
Processing by Api::SessionsController#show as JSON
Completed 500 Internal Server Error in 2ms (ActiveRecord: 0.0ms | Allocations: 1386)



SyntaxError - syntax error, unexpected constant, expecting `do' or '{' or '('
    format: { without URI::MailTo::EMAIL_REGEXP, messa...
                      ^~~
/Users/mustafarizvi/development/code/SneakerzHome/app/models/user.rb:7: syntax error, unexpected tLABEL, expecting '='
...:MailTo::EMAIL_REGEXP, message: "Cannot be an Email"}
...                       ^~~~~~~~
/Users/mustafarizvi/development/code/SneakerzHome/app/models/user.rb:7: syntax error, unexpected '}', expecting `end'
... message: "Cannot be an Email"}
...                              ^:
  app/models/user.rb:7:in `'
  app/controllers/application_controller.rb:12:in `current_user'
  app/controllers/api/sessions_controller.rb:3:in `show'

Started GET "/api/session" for 127.0.0.1 at 2022-11-25 12:37:18 -0800
Processing by Api::SessionsController#show as JSON
Completed 500 Internal Server Error in 7ms (ActiveRecord: 0.0ms | Allocations: 1285)



SyntaxError - syntax error, unexpected constant, expecting `do' or '{' or '('
    format: { without URI::MailTo::EMAIL_REGEXP, messa...
                      ^~~
/Users/mustafarizvi/development/code/SneakerzHome/app/models/user.rb:7: syntax error, unexpected tLABEL, expecting '='
...:MailTo::EMAIL_REGEXP, message: "Cannot be an Email"}
...                       ^~~~~~~~
/Users/mustafarizvi/development/code/SneakerzHome/app/models/user.rb:7: syntax error, unexpected '}', expecting `end'
... message: "Cannot be an Email"}
...                              ^:
  app/models/user.rb:7:in `'
  app/controllers/application_controller.rb:12:in `current_user'
  app/controllers/api/sessions_controller.rb:3:in `show'

Started GET "/api/session" for 127.0.0.1 at 2022-11-25 12:37:28 -0800
Processing by Api::SessionsController#show as JSON
Completed 500 Internal Server Error in 3ms (ActiveRecord: 0.0ms | Allocations: 1285)



SyntaxError - syntax error, unexpected constant, expecting `do' or '{' or '('
    format: { without URI::MailTo::EMAIL_REGEXP, messa...
                      ^~~
/Users/mustafarizvi/development/code/SneakerzHome/app/models/user.rb:7: syntax error, unexpected tLABEL, expecting '='
...:MailTo::EMAIL_REGEXP, message: "Cannot be an Email"}
...                       ^~~~~~~~
/Users/mustafarizvi/development/code/SneakerzHome/app/models/user.rb:7: syntax error, unexpected '}', expecting `end'
... message: "Cannot be an Email"}
...                              ^:
  app/models/user.rb:7:in `'
  app/controllers/application_controller.rb:12:in `current_user'
  app/controllers/api/sessions_controller.rb:3:in `show'

Started GET "/api/session" for 127.0.0.1 at 2022-11-25 12:39:12 -0800
  [1m[36mActiveRecord::SchemaMigration Pluck (0.4ms)[0m  [1m[34mSELECT "schema_migrations"."version" FROM "schema_migrations" ORDER BY "schema_migrations"."version" ASC[0m
Processing by Api::SessionsController#show as JSON
  [1m[36mUser Load (3.3ms)[0m  [1m[34mSELECT "users".* FROM "users" WHERE "users"."session_token" IS NULL LIMIT $1[0m  [["LIMIT", 1]]
  ↳ app/controllers/application_controller.rb:12:in `current_user'
Completed 200 OK in 23ms (Views: 0.2ms | ActiveRecord: 11.9ms | Allocations: 3548)


Started GET "/api/session" for 127.0.0.1 at 2022-11-25 12:39:17 -0800
Processing by Api::SessionsController#show as JSON
  [1m[36mUser Load (3.8ms)[0m  [1m[34mSELECT "users".* FROM "users" WHERE "users"."session_token" IS NULL LIMIT $1[0m  [["LIMIT", 1]]
  ↳ app/controllers/application_controller.rb:12:in `current_user'
Completed 200 OK in 9ms (Views: 0.4ms | ActiveRecord: 3.8ms | Allocations: 860)


Started GET "/api/session" for 127.0.0.1 at 2022-11-25 12:41:28 -0800
Processing by Api::SessionsController#show as JSON
  [1m[36mUser Load (1.3ms)[0m  [1m[34mSELECT "users".* FROM "users" WHERE "users"."session_token" IS NULL LIMIT $1[0m  [["LIMIT", 1]]
  ↳ app/controllers/application_controller.rb:12:in `current_user'
Completed 200 OK in 50ms (Views: 0.7ms | ActiveRecord: 1.3ms | Allocations: 870)


Started GET "/api/session" for 127.0.0.1 at 2022-11-25 12:43:10 -0800
Processing by Api::SessionsController#show as JSON
  [1m[36mUser Load (5.3ms)[0m  [1m[34mSELECT "users".* FROM "users" WHERE "users"."session_token" IS NULL LIMIT $1[0m  [["LIMIT", 1]]
  ↳ app/controllers/application_controller.rb:12:in `current_user'
Completed 200 OK in 12ms (Views: 0.2ms | ActiveRecord: 5.3ms | Allocations: 854)


Started GET "/api/session" for 127.0.0.1 at 2022-11-25 12:49:16 -0800
Processing by Api::SessionsController#show as JSON
  [1m[36mUser Load (0.6ms)[0m  [1m[34mSELECT "users".* FROM "users" WHERE "users"."session_token" IS NULL LIMIT $1[0m  [["LIMIT", 1]]
  ↳ app/controllers/application_controller.rb:12:in `current_user'
Completed 200 OK in 61ms (Views: 0.1ms | ActiveRecord: 25.0ms | Allocations: 3769)


Started GET "/api/session" for 127.0.0.1 at 2022-11-25 12:51:57 -0800
Processing by Api::SessionsController#show as JSON
  [1m[36mUser Load (1.2ms)[0m  [1m[34mSELECT "users".* FROM "users" WHERE "users"."session_token" IS NULL LIMIT $1[0m  [["LIMIT", 1]]
  ↳ app/controllers/application_controller.rb:12:in `current_user'
Completed 200 OK in 46ms (Views: 0.2ms | ActiveRecord: 1.2ms | Allocations: 838)


Started GET "/api/session" for 127.0.0.1 at 2022-11-25 12:52:09 -0800
Processing by Api::SessionsController#show as JSON
  [1m[36mUser Load (0.7ms)[0m  [1m[34mSELECT "users".* FROM "users" WHERE "users"."session_token" IS NULL LIMIT $1[0m  [["LIMIT", 1]]
  ↳ app/controllers/application_controller.rb:12:in `current_user'
Completed 200 OK in 3ms (Views: 0.1ms | ActiveRecord: 0.7ms | Allocations: 858)


Started GET "/api/session" for 127.0.0.1 at 2022-11-25 12:53:43 -0800
Processing by Api::SessionsController#show as JSON
  [1m[36mUser Load (4.4ms)[0m  [1m[34mSELECT "users".* FROM "users" WHERE "users"."session_token" IS NULL LIMIT $1[0m  [["LIMIT", 1]]
  ↳ app/controllers/application_controller.rb:12:in `current_user'
Completed 200 OK in 8ms (Views: 0.3ms | ActiveRecord: 4.4ms | Allocations: 840)


Started GET "/api/session" for 127.0.0.1 at 2022-11-25 12:53:59 -0800
Processing by Api::SessionsController#show as JSON
  [1m[36mUser Load (0.9ms)[0m  [1m[34mSELECT "users".* FROM "users" WHERE "users"."session_token" IS NULL LIMIT $1[0m  [["LIMIT", 1]]
  ↳ app/controllers/application_controller.rb:12:in `current_user'
Completed 200 OK in 9ms (Views: 0.3ms | ActiveRecord: 0.9ms | Allocations: 846)


Started GET "/api/session" for 127.0.0.1 at 2022-11-25 12:54:41 -0800
Processing by Api::SessionsController#show as JSON
  [1m[36mUser Load (1.1ms)[0m  [1m[34mSELECT "users".* FROM "users" WHERE "users"."session_token" IS NULL LIMIT $1[0m  [["LIMIT", 1]]
  ↳ app/controllers/application_controller.rb:12:in `current_user'
Completed 200 OK in 7ms (Views: 0.2ms | ActiveRecord: 1.1ms | Allocations: 840)


Started GET "/api/session" for 127.0.0.1 at 2022-11-25 12:54:42 -0800
Processing by Api::SessionsController#show as JSON
  [1m[36mUser Load (0.5ms)[0m  [1m[34mSELECT "users".* FROM "users" WHERE "users"."session_token" IS NULL LIMIT $1[0m  [["LIMIT", 1]]
  ↳ app/controllers/application_controller.rb:12:in `current_user'
Completed 200 OK in 4ms (Views: 0.2ms | ActiveRecord: 0.5ms | Allocations: 838)


Started GET "/api/session" for 127.0.0.1 at 2022-11-25 12:54:44 -0800
Processing by Api::SessionsController#show as JSON
  [1m[36mUser Load (0.4ms)[0m  [1m[34mSELECT "users".* FROM "users" WHERE "users"."session_token" IS NULL LIMIT $1[0m  [["LIMIT", 1]]
  ↳ app/controllers/application_controller.rb:12:in `current_user'
Completed 200 OK in 2ms (Views: 0.1ms | ActiveRecord: 0.4ms | Allocations: 832)


Started GET "/api/session" for 127.0.0.1 at 2022-11-25 12:54:49 -0800
Processing by Api::SessionsController#show as JSON
  [1m[36mUser Load (0.4ms)[0m  [1m[34mSELECT "users".* FROM "users" WHERE "users"."session_token" IS NULL LIMIT $1[0m  [["LIMIT", 1]]
  ↳ app/controllers/application_controller.rb:12:in `current_user'
Completed 200 OK in 3ms (Views: 0.2ms | ActiveRecord: 0.4ms | Allocations: 846)


Started GET "/api/session" for 127.0.0.1 at 2022-11-25 12:54:53 -0800
Processing by Api::SessionsController#show as JSON
  [1m[36mUser Load (10.5ms)[0m  [1m[34mSELECT "users".* FROM "users" WHERE "users"."session_token" IS NULL LIMIT $1[0m  [["LIMIT", 1]]
  ↳ app/controllers/application_controller.rb:12:in `current_user'
Completed 200 OK in 30ms (Views: 0.1ms | ActiveRecord: 10.5ms | Allocations: 830)


Started GET "/api/session" for 127.0.0.1 at 2022-11-25 12:54:56 -0800
Processing by Api::SessionsController#show as JSON
  [1m[36mUser Load (0.2ms)[0m  [1m[34mSELECT "users".* FROM "users" WHERE "users"."session_token" IS NULL LIMIT $1[0m  [["LIMIT", 1]]
  ↳ app/controllers/application_controller.rb:12:in `current_user'
Completed 200 OK in 10ms (Views: 0.3ms | ActiveRecord: 0.2ms | Allocations: 838)


Started GET "/api/session" for 127.0.0.1 at 2022-11-25 12:54:57 -0800
Processing by Api::SessionsController#show as JSON
  [1m[36mUser Load (1.7ms)[0m  [1m[34mSELECT "users".* FROM "users" WHERE "users"."session_token" IS NULL LIMIT $1[0m  [["LIMIT", 1]]
  ↳ app/controllers/application_controller.rb:12:in `current_user'
Completed 200 OK in 6ms (Views: 0.2ms | ActiveRecord: 1.7ms | Allocations: 830)


Started GET "/api/session" for 127.0.0.1 at 2022-11-25 12:54:59 -0800
Processing by Api::SessionsController#show as JSON
  [1m[36mUser Load (0.3ms)[0m  [1m[34mSELECT "users".* FROM "users" WHERE "users"."session_token" IS NULL LIMIT $1[0m  [["LIMIT", 1]]
  ↳ app/controllers/application_controller.rb:12:in `current_user'
Completed 200 OK in 3ms (Views: 0.1ms | ActiveRecord: 0.3ms | Allocations: 828)


Started GET "/api/session" for 127.0.0.1 at 2022-11-25 12:55:07 -0800
Processing by Api::SessionsController#show as JSON
  [1m[36mUser Load (2.5ms)[0m  [1m[34mSELECT "users".* FROM "users" WHERE "users"."session_token" IS NULL LIMIT $1[0m  [["LIMIT", 1]]
  ↳ app/controllers/application_controller.rb:12:in `current_user'
Completed 200 OK in 20ms (Views: 0.1ms | ActiveRecord: 2.5ms | Allocations: 842)


Started GET "/api/session" for 127.0.0.1 at 2022-11-25 12:55:55 -0800
Processing by Api::SessionsController#show as JSON
  [1m[36mUser Load (1.4ms)[0m  [1m[34mSELECT "users".* FROM "users" WHERE "users"."session_token" IS NULL LIMIT $1[0m  [["LIMIT", 1]]
  ↳ app/controllers/application_controller.rb:12:in `current_user'
Completed 200 OK in 5ms (Views: 0.1ms | ActiveRecord: 1.4ms | Allocations: 836)


Started GET "/api/session" for 127.0.0.1 at 2022-11-25 12:56:03 -0800
Processing by Api::SessionsController#show as JSON
  [1m[36mUser Load (1.0ms)[0m  [1m[34mSELECT "users".* FROM "users" WHERE "users"."session_token" IS NULL LIMIT $1[0m  [["LIMIT", 1]]
  ↳ app/controllers/application_controller.rb:12:in `current_user'
Completed 200 OK in 15ms (Views: 0.1ms | ActiveRecord: 1.0ms | Allocations: 840)


  [1m[36mActiveRecord::SchemaMigration Pluck (2.3ms)[0m  [1m[34mSELECT "schema_migrations"."version" FROM "schema_migrations" ORDER BY "schema_migrations"."version" ASC[0m
  [1m[36mTRANSACTION (0.1ms)[0m  [1m[35mBEGIN[0m
  [1m[36mUser Load (1.2ms)[0m  [1m[34mSELECT "users".* FROM "users"[0m
  [1m[36mUser Exists? (1.0ms)[0m  [1m[34mSELECT 1 AS one FROM "users" WHERE "users"."session_token" = $1 LIMIT $2[0m  [["session_token", "[FILTERED]"], ["LIMIT", 1]]
  ↳ app/models/user.rb:47:in `block in generate_unique_session_token'
  [1m[36mUser Exists? (0.3ms)[0m  [1m[34mSELECT 1 AS one FROM "users" WHERE "users"."username" = $1 LIMIT $2[0m  [["username", "Demo_User"], ["LIMIT", 1]]
  [1m[36mUser Exists? (0.2ms)[0m  [1m[34mSELECT 1 AS one FROM "users" WHERE "users"."email" = $1 LIMIT $2[0m  [["email", "demo_user@gmail.com"], ["LIMIT", 1]]
  [1m[36mCACHE User Exists? (0.0ms)[0m  [1m[34mSELECT 1 AS one FROM "users" WHERE "users"."session_token" = $1 LIMIT $2[0m  [["session_token", "[FILTERED]"], ["LIMIT", 1]]
  [1m[36mUser Create (4.1ms)[0m  [1m[32mINSERT INTO "users" ("email", "username", "password_digest", "session_token", "created_at", "updated_at") VALUES ($1, $2, $3, $4, $5, $6) RETURNING "id"[0m  [["email", "demo_user@gmail.com"], ["username", "Demo_User"], ["password_digest", "[FILTERED]"], ["session_token", "[FILTERED]"], ["created_at", "2022-11-25 20:56:42.404205"], ["updated_at", "2022-11-25 20:56:42.404205"]]
  [1m[36mTRANSACTION (0.9ms)[0m  [1m[35mCOMMIT[0m
Started GET "/" for 127.0.0.1 at 2022-11-25 12:57:02 -0800
  [1m[36mActiveRecord::SchemaMigration Pluck (0.8ms)[0m  [1m[34mSELECT "schema_migrations"."version" FROM "schema_migrations" ORDER BY "schema_migrations"."version" ASC[0m
Processing by Rails::WelcomeController#index as HTML
  Rendering /Users/mustafarizvi/.rvm/gems/ruby-2.7.4/gems/railties-7.0.4/lib/rails/templates/rails/welcome/index.html.erb
  Rendered /Users/mustafarizvi/.rvm/gems/ruby-2.7.4/gems/railties-7.0.4/lib/rails/templates/rails/welcome/index.html.erb (Duration: 0.7ms | Allocations: 366)
Completed 200 OK in 4ms (Views: 1.5ms | ActiveRecord: 0.0ms | Allocations: 2617)


Started GET "/api/session" for 127.0.0.1 at 2022-11-25 12:57:17 -0800
Processing by Api::SessionsController#show as JSON
  [1m[36mUser Load (0.9ms)[0m  [1m[34mSELECT "users".* FROM "users" WHERE "users"."session_token" IS NULL LIMIT $1[0m  [["LIMIT", 1]]
  ↳ app/controllers/application_controller.rb:12:in `current_user'
Completed 200 OK in 36ms (Views: 0.6ms | ActiveRecord: 14.3ms | Allocations: 3517)


Started GET "/api/session" for 127.0.0.1 at 2022-11-25 12:58:35 -0800
Processing by Api::SessionsController#show as JSON
  [1m[36mUser Load (1.4ms)[0m  [1m[34mSELECT "users".* FROM "users" WHERE "users"."session_token" IS NULL LIMIT $1[0m  [["LIMIT", 1]]
  ↳ app/controllers/application_controller.rb:12:in `current_user'
Completed 200 OK in 8ms (Views: 0.1ms | ActiveRecord: 1.4ms | Allocations: 858)


Started GET "/api/session" for 127.0.0.1 at 2022-11-25 13:01:55 -0800
Processing by Api::SessionsController#show as JSON
  [1m[36mUser Load (0.8ms)[0m  [1m[34mSELECT "users".* FROM "users" WHERE "users"."session_token" IS NULL LIMIT $1[0m  [["LIMIT", 1]]
  ↳ app/controllers/application_controller.rb:12:in `current_user'
Completed 200 OK in 5ms (Views: 0.2ms | ActiveRecord: 0.8ms | Allocations: 850)


Started GET "/api/session" for 127.0.0.1 at 2022-11-25 13:02:52 -0800
Processing by Api::SessionsController#show as JSON
  [1m[36mUser Load (0.4ms)[0m  [1m[34mSELECT "users".* FROM "users" WHERE "users"."session_token" IS NULL LIMIT $1[0m  [["LIMIT", 1]]
  ↳ app/controllers/application_controller.rb:12:in `current_user'
Completed 200 OK in 3ms (Views: 0.1ms | ActiveRecord: 0.4ms | Allocations: 852)


Started GET "/api/session" for 127.0.0.1 at 2022-11-25 13:09:22 -0800
Processing by Api::SessionsController#show as JSON
  [1m[36mUser Load (0.9ms)[0m  [1m[34mSELECT "users".* FROM "users" WHERE "users"."session_token" IS NULL LIMIT $1[0m  [["LIMIT", 1]]
  ↳ app/controllers/application_controller.rb:12:in `current_user'
Completed 200 OK in 68ms (Views: 0.4ms | ActiveRecord: 37.7ms | Allocations: 3769)


Started GET "/api/session" for 127.0.0.1 at 2022-11-25 13:17:13 -0800
  [1m[36mActiveRecord::SchemaMigration Pluck (2.9ms)[0m  [1m[34mSELECT "schema_migrations"."version" FROM "schema_migrations" ORDER BY "schema_migrations"."version" ASC[0m
Processing by Api::SessionsController#show as JSON
  [1m[36mUser Load (1.0ms)[0m  [1m[34mSELECT "users".* FROM "users" WHERE "users"."session_token" IS NULL LIMIT $1[0m  [["LIMIT", 1]]
  ↳ app/controllers/application_controller.rb:12:in `current_user'
Completed 200 OK in 16ms (Views: 0.2ms | ActiveRecord: 7.4ms | Allocations: 3518)


Started GET "/api/session" for 127.0.0.1 at 2022-11-25 13:17:15 -0800
Processing by Api::SessionsController#show as JSON
  [1m[36mUser Load (0.6ms)[0m  [1m[34mSELECT "users".* FROM "users" WHERE "users"."session_token" IS NULL LIMIT $1[0m  [["LIMIT", 1]]
  ↳ app/controllers/application_controller.rb:12:in `current_user'
Completed 200 OK in 3ms (Views: 0.2ms | ActiveRecord: 0.6ms | Allocations: 862)


